{"/Users/artemkosnikov/WebstormProjects/Math-log-trig-/src/js/Character.js": {"path":"/Users/artemkosnikov/WebstormProjects/Math-log-trig-/src/js/Character.js","statementMap":{"0":{"start":{"line":3,"column":4},"end":{"line":3,"column":29}},"1":{"start":{"line":7,"column":4},"end":{"line":7,"column":30}},"2":{"start":{"line":11,"column":27},"end":{"line":11,"column":84}},"3":{"start":{"line":12,"column":4},"end":{"line":14,"column":5}},"4":{"start":{"line":13,"column":6},"end":{"line":13,"column":55}},"5":{"start":{"line":15,"column":4},"end":{"line":15,"column":69}},"6":{"start":{"line":22,"column":4},"end":{"line":22,"column":31}},"7":{"start":{"line":26,"column":4},"end":{"line":26,"column":27}},"8":{"start":{"line":38,"column":12},"end":{"line":38,"column":25}},"9":{"start":{"line":39,"column":0},"end":{"line":39,"column":19}},"10":{"start":{"line":40,"column":0},"end":{"line":40,"column":25}}},"fnMap":{"0":{"name":"(anonymous_0)","decl":{"start":{"line":2,"column":2},"end":{"line":2,"column":3}},"loc":{"start":{"line":2,"column":24},"end":{"line":4,"column":3}},"line":2},"1":{"name":"(anonymous_1)","decl":{"start":{"line":6,"column":3},"end":{"line":6,"column":4}},"loc":{"start":{"line":6,"column":22},"end":{"line":8,"column":3}},"line":6},"2":{"name":"(anonymous_2)","decl":{"start":{"line":10,"column":2},"end":{"line":10,"column":3}},"loc":{"start":{"line":10,"column":15},"end":{"line":16,"column":3}},"line":10},"3":{"name":"(anonymous_3)","decl":{"start":{"line":21,"column":2},"end":{"line":21,"column":3}},"loc":{"start":{"line":21,"column":20},"end":{"line":23,"column":3}},"line":21},"4":{"name":"(anonymous_4)","decl":{"start":{"line":25,"column":2},"end":{"line":25,"column":3}},"loc":{"start":{"line":25,"column":15},"end":{"line":27,"column":3}},"line":25}},"branchMap":{"0":{"loc":{"start":{"line":12,"column":4},"end":{"line":14,"column":5}},"type":"if","locations":[{"start":{"line":12,"column":4},"end":{"line":14,"column":5}},{"start":{"line":12,"column":4},"end":{"line":14,"column":5}}],"line":12},"1":{"loc":{"start":{"line":15,"column":11},"end":{"line":15,"column":68}},"type":"cond-expr","locations":[{"start":{"line":15,"column":36},"end":{"line":15,"column":37}},{"start":{"line":15,"column":40},"end":{"line":15,"column":68}}],"line":15}},"s":{"0":18,"1":18,"2":18,"3":18,"4":6,"5":18,"6":11,"7":0,"8":1,"9":1,"10":1},"f":{"0":18,"1":18,"2":18,"3":11,"4":0},"b":{"0":[6,12],"1":[0,18]},"_coverageSchema":"1a1c01bbd47fc00a2c39e90264f33305004495a9","hash":"9357f0f673114298e48991e31b94e78efe77d245"}
}
